[API] Fetching market with ID: 1764565182563-b0cfpnezt
[API] Market found: true
[API] Fetching market with ID: 1764565182563-b0cfpnezt
[API] Market found: true
[API] Fetching market with ID: 1764565182563-xvb5rjo17
[API] Market found: true
[API] Fetching market with ID: 1764565182563-xvb5rjo17
[API] Market found: true
[API] Fetching market with ID: 1764565182563-xvb5rjo17
[API] Market found: true
[API] Fetching market with ID: 1764565182563-xvb5rjo17
[API] Market found: true
[API] Fetching market with ID: 1764565182563-b0cfpnezt
[API] Market found: true
[API] Fetching market with ID: 1764565182563-b0cfpnezt
[API] Market found: true
[API] Fetching market with ID: 1764565182562-pbkibci73
[API] Market found: true
[API] Fetching market with ID: 1764565182562-pbkibci73
[API] Market found: true
[API] Fetching market with ID: 1764565182562-pbkibci73
[API] Market found: true
[API] Fetching market with ID: 1764565182562-pbkibci73
[API] Market found: true
[API] Fetching market with ID: 1764565182562-pbkibci73
[API] Market found: true
[API] Fetching market with ID: 1764565182562-pbkibci73
[API] Market found: true
[API] Fetching market with ID: 1764565182562-pbkibci73
[API] Market found: true
[API] Fetching market with ID: 1764565182562-pbkibci73
[API] Market found: true
[API] Fetching market with ID: 1764565182562-pbkibci73
[API] Market found: true
[API] Fetching market with ID: 1764565182563-xvb5rjo17
[API] Market found: true
[API] Fetching market with ID: 1764565182563-xvb5rjo17
[API] Market found: true
[API] Fetching market with ID: 1764565182563-xvb5rjo17
[API] Market found: true
[API] Fetching market with ID: 1764565182563-xvb5rjo17
[API] Market found: true
[API] Fetching market with ID: 1764565182562-pbkibci73
[API] Market found: true
[API] Fetching market with ID: 1764565182562-pbkibci73
[API] Market found: true
[API] Fetching market with ID: 1764565182563-xvb5rjo17
[API] Market found: true
[API] Fetching market with ID: 1764565182563-xvb5rjo17
[API] Market found: true
[API] Fetching market with ID: 1764565182563-xvb5rjo17
[API] Market found: true
[API] Fetching market with ID: 1764565182563-xvb5rjo17
[API] Market found: true
[API] Fetching market with ID: 1764565182563-xvb5rjo17
[API] Market found: true
[API] Fetching market with ID: 1764565182563-xvb5rjo17
[API] Market found: true
[API] Fetching market with ID: 1764565182563-xvb5rjo17
[API] Market found: true
[API] Fetching market with ID: 1764565182563-xvb5rjo17
[API] Market found: true
[API] Fetching market with ID: fed-decreases-interest-rates-by-25-bps-after-december-2025-meeting
[API] Market found: false
[API] Fetching market with ID: fed-decreases-interest-rates-by-25-bps-after-december-2025-meeting
[API] Market found: false
[API] Fetching market with ID: 1764565182563-xvb5rjo17
[API] Market found: true
[API] Fetching market with ID: 1764565182563-xvb5rjo17
[API] Market found: true
[API] Fetching market with ID: 1764565182563-xvb5rjo17
[API] Market found: true
[API] Fetching market with ID: 1764565182563-xvb5rjo17
[API] Market found: true
[API] Fetching market with ID: 1764565182563-xvb5rjo17
[API] Market found: true
[API] Fetching market with ID: 1764565182563-xvb5rjo17
[API] Market found: true
[API] Fetching market with ID: 1764565182563-xvb5rjo17
[API] Market found: true
[API] Fetching market with ID: 1764565182563-xvb5rjo17
[API] Market found: true
[API] Fetching market with ID: fed-decreases-interest-rates-by-25-bps-after-december-2025-meeting
[API] Market found: false
[API] Fetching market with ID: fed-decreases-interest-rates-by-25-bps-after-december-2025-meeting
[API] Market found: false
[API] Fetching market with ID: 1764565182564-apj8ya5fh
[API] Market found: true
[API] Fetching market with ID: 1764565182564-apj8ya5fh
[API] Market found: true
[API] Fetching market with ID: 1764565182563-xvb5rjo17
[API] Market found: true
[API] Fetching market with ID: 1764565182563-xvb5rjo17
[API] Market found: true
[API] Fetching market with ID: fed-decreases-interest-rates-by-25-bps-after-december-2025-meeting
[API] Market found: false
[API] Fetching market with ID: fed-decreases-interest-rates-by-25-bps-after-december-2025-meeting
[API] Market found: false
[API] Fetching market with ID: fed-decreases-interest-rates-by-25-bps-after-december-2025-meeting
[API] Market found: false
[API] Fetching market with ID: fed-decreases-interest-rates-by-25-bps-after-december-2025-meeting
[API] Market found: false
[API] Fetching market with ID: 1764565182563-xvb5rjo17
[API] Market found: true
[API] Fetching market with ID: 1764565182563-xvb5rjo17
[API] Market found: true
[API] Fetching market with ID: fed-decreases-interest-rates-by-25-bps-after-december-2025-meeting
[API] Market found: false
[API] Fetching market with ID: fed-decreases-interest-rates-by-25-bps-after-december-2025-meeting
[API] Market found: false
[API] Fetching market with ID: 1764565182563-xvb5rjo17
[API] Market found: true
[API] Fetching market with ID: 1764565182563-xvb5rjo17
[API] Market found: true
[API] Fetching market with ID: 1764565182563-xvb5rjo17
[API] Market found: true
[API] Fetching market with ID: 1764565182563-xvb5rjo17
[API] Market found: true
[API] Fetching market with ID: 1764565182563-xvb5rjo17
[API] Market found: true
[API] Fetching market with ID: 1764565182563-xvb5rjo17
[API] Market found: true
[API] Fetching market with ID: 1764565182563-xvb5rjo17
[API] Market found: true
[API] Fetching market with ID: 1764565182563-b0cfpnezt
[API] Market found: true
[API] Fetching market with ID: 1764565182562-pbkibci73
[API] Market found: true
[API] Fetching market with ID: 1764565182562-pbkibci73
[API] Market found: true
[API] Fetching market with ID: 1764565182563-xvb5rjo17
[API] Market found: true
[API] Fetching market with ID: 1764565182563-xvb5rjo17
[API] Market found: true
[API] Fetching market with ID: 1764565182563-xvb5rjo17
[API] Market found: true
[API] Fetching market with ID: 1764565182563-xvb5rjo17
[API] Market found: true
[API] Fetching market with ID: fed-decreases-interest-rates-by-25-bps-after-december-2025-meeting
[API] Market found: false
[API] Fetching market with ID: fed-decreases-interest-rates-by-25-bps-after-december-2025-meeting
[API] Market found: false
[API] Fetching market with ID: 1764565182563-xvb5rjo17
[API] Market found: true
[API] Fetching market with ID: 1764565182563-xvb5rjo17
[API] Market found: true
[API] Fetching market with ID: fed-decreases-interest-rates-by-25-bps-after-december-2025-meeting
[API] Market found: false
[API] Fetching market with ID: fed-decreases-interest-rates-by-25-bps-after-december-2025-meeting
[API] Market found: false
[API] Fetching market with ID: 1764565182563-xvb5rjo17
[API] Market found: true
[API] Fetching market with ID: 1764565182563-xvb5rjo17
[API] Market found: true
[API] Fetching market with ID: fed-decreases-interest-rates-by-25-bps-after-december-2025-meeting
[API] Market found: false
[API] Fetching market with ID: fed-decreases-interest-rates-by-25-bps-after-december-2025-meeting
[API] Market found: false
[API] Fetching market with ID: 1764565182563-xvb5rjo17
[API] Market found: true
[API] Fetching market with ID: 1764565182563-xvb5rjo17
[API] Market found: true
[API] Fetching market with ID: 1764565182563-xvb5rjo17
[API] Market found: true
[API] Fetching market with ID: 1764565182563-xvb5rjo17
[API] Market found: true
[API] Fetching market with ID: 1764565182563-xvb5rjo17
[API] Market found: true
[API] Fetching market with ID: 1764565182563-xvb5rjo17
[API] Market found: true
[API] Fetching market with ID: 1764565182563-xvb5rjo17
[API] Market found: true
[API] Fetching market with ID: 1764565182563-xvb5rjo17
[API] Market found: true
[API] Fetching market with ID: fed-decreases-interest-rates-by-25-bps-after-december-2025-meeting
[API] Market found: false
[API] Fetching market with ID: fed-decreases-interest-rates-by-25-bps-after-december-2025-meeting
[API] Market found: false
[API] Fetching market with ID: 1764565182563-xvb5rjo17
[API] Market found: true
[API] Fetching market with ID: 1764565182563-xvb5rjo17
[API] Market found: true
[API] Fetching market with ID: fed-decreases-interest-rates-by-25-bps-after-december-2025-meeting
[API] Market found: false
[API] Fetching market with ID: fed-decreases-interest-rates-by-25-bps-after-december-2025-meeting
[API] Market found: false
[API] Fetching market with ID: 1764565182563-xvb5rjo17
[API] Market found: true
[API] Fetching market with ID: 1764565182563-xvb5rjo17
[API] Market found: true
[API] Fetching market with ID: 1764565182563-xvb5rjo17
[API] Market found: true
[API] Fetching market with ID: 1764565182563-xvb5rjo17
[API] Market found: true
[API] Fetching market with ID: 1764565182563-xvb5rjo17
[API] Market found: true
[API] Fetching market with ID: 1764565182563-xvb5rjo17
[API] Market found: true
[API] Fetching market with ID: 1764565182563-xvb5rjo17
[API] Market found: true
[API] Fetching market with ID: 1764565182563-xvb5rjo17
[API] Market found: true
[API] Fetching market with ID: 1764565182563-xvb5rjo17
[API] Market found: true
[API] Fetching market with ID: 1764565182563-xvb5rjo17
[API] Market found: true
[API] Fetching market with ID: 1764565182563-xvb5rjo17
[API] Market found: true
[API] Fetching market with ID: 1764565182563-xvb5rjo17
[API] Market found: true
[API] Fetching market with ID: 1764565182563-xvb5rjo17
[API] Market found: true
[API] Fetching market with ID: 1764565182563-xvb5rjo17
[API] Market found: true
